<?xml version="1.0" encoding="UTF-8"?>
<testng-results ignored="0" total="1" passed="1" failed="0" skipped="0">
  <reporter-output>
  </reporter-output>
  <suite started-at="2022-08-27T16:59:52Z" name="Default suite" finished-at="2022-08-27T17:00:01Z" duration-ms="8889">
    <groups>
      <group name="cucumber">
        <method signature="AbstractTestNGCucumberTests.runScenario(io.cucumber.testng.PickleWrapper, io.cucumber.testng.FeatureWrapper)[pri:0, instance:com.runcucumberfile.LoginRunnerfile@54dcfa5a]" name="runScenario" class="io.cucumber.testng.AbstractTestNGCucumberTests"/>
      </group> <!-- cucumber -->
    </groups>
    <test started-at="2022-08-27T16:59:52Z" name="Default test" finished-at="2022-08-27T17:00:01Z" duration-ms="8889">
      <class name="com.runcucumberfile.LoginRunnerfile">
        <test-method is-config="true" signature="setUpClass()[pri:0, instance:com.runcucumberfile.LoginRunnerfile@54dcfa5a]" started-at="2022-08-27T16:59:52Z" name="setUpClass" finished-at="2022-08-27T16:59:53Z" duration-ms="471" status="PASS">
          <reporter-output>
          </reporter-output>
        </test-method> <!-- setUpClass -->
        <test-method signature="runScenario(io.cucumber.testng.PickleWrapper, io.cucumber.testng.FeatureWrapper)[pri:0, instance:com.runcucumberfile.LoginRunnerfile@54dcfa5a]" started-at="2022-08-27T16:59:53Z" name="runScenario" description="Runs Cucumber Scenarios" data-provider="scenarios" finished-at="2022-08-27T17:00:01Z" duration-ms="8345" status="PASS">
          <params>
            <param index="0">
              <value>
                <![CDATA["Title of your scenario"]]>
              </value>
            </param>
            <param index="1">
              <value>
                <![CDATA["Optional[Title of your feature]"]]>
              </value>
            </param>
          </params>
          <reporter-output>
          </reporter-output>
        </test-method> <!-- runScenario -->
        <test-method is-config="true" signature="tearDownClass()[pri:0, instance:com.runcucumberfile.LoginRunnerfile@54dcfa5a]" started-at="2022-08-27T17:00:01Z" name="tearDownClass" finished-at="2022-08-27T17:00:01Z" duration-ms="48" status="PASS">
          <reporter-output>
          </reporter-output>
        </test-method> <!-- tearDownClass -->
      </class> <!-- com.runcucumberfile.LoginRunnerfile -->
    </test> <!-- Default test -->
  </suite> <!-- Default suite -->
</testng-results>
